# JRE version: OpenJDK Runtime Environment (8.0_112-b06) (build 1.8.0_112-release-b06)
# Java VM: OpenJDK 64-Bit Server VM (25.112-b06 mixed mode linux-amd64 compressed oops)
Heap:
 PSYoungGen      total 399360K, used 182301K [0x00000000e0000000, 0x0000000100000000, 0x0000000100000000)
  eden space 304128K, 28% used [0x00000000e0000000,0x00000000e5585800,0x00000000f2900000)
  from space 95232K, 99% used [0x00000000f2900000,0x00000000f8581da0,0x00000000f8600000)
  to   space 123392K, 0% used [0x00000000f8780000,0x00000000f8780000,0x0000000100000000)
 ParOldGen       total 271872K, used 206632K [0x00000000a0000000, 0x00000000b0980000, 0x00000000e0000000)
  object space 271872K, 76% used [0x00000000a0000000,0x00000000ac9ca350,0x00000000b0980000)
 Metaspace       used 85846K, capacity 93298K, committed 93440K, reserved 1130496K
  class space    used 10706K, capacity 11908K, committed 12032K, reserved 1048576K
GC Heap History (10 events):
Event: 3489.798 GC heap before
{Heap before GC invocations=62 (full 5):
 PSYoungGen      total 459264K, used 410765K [0x00000000e0000000, 0x00000000ffe00000, 0x0000000100000000)
  eden space 395264K, 100% used [0x00000000e0000000,0x00000000f8200000,0x00000000f8200000)
  from space 64000K, 24% used [0x00000000fbf80000,0x00000000fcea3558,0x00000000ffe00000)
  to   space 62976K, 0% used [0x00000000f8200000,0x00000000f8200000,0x00000000fbf80000)
 ParOldGen       total 271872K, used 167959K [0x00000000a0000000, 0x00000000b0980000, 0x00000000e0000000)
  object space 271872K, 61% used [0x00000000a0000000,0x00000000aa405fa0,0x00000000b0980000)
 Metaspace       used 85775K, capacity 93234K, committed 93440K, reserved 1130496K
  class space    used 10706K, capacity 11908K, committed 12032K, reserved 1048576K
Event: 3489.871 GC heap after
Heap after GC invocations=62 (full 5):
 PSYoungGen      total 442368K, used 47068K [0x00000000e0000000, 0x0000000100000000, 0x0000000100000000)
  eden space 395264K, 0% used [0x00000000e0000000,0x00000000e0000000,0x00000000f8200000)
  from space 47104K, 99% used [0x00000000f8200000,0x00000000faff7350,0x00000000fb000000)
  to   space 68096K, 0% used [0x00000000fbd80000,0x00000000fbd80000,0x0000000100000000)
 ParOldGen       total 271872K, used 167959K [0x00000000a0000000, 0x00000000b0980000, 0x00000000e0000000)
  object space 271872K, 61% used [0x00000000a0000000,0x00000000aa405fa0,0x00000000b0980000)
 Metaspace       used 85775K, capacity 93234K, committed 93440K, reserved 1130496K
  class space    used 10706K, capacity 11908K, committed 12032K, reserved 1048576K
}
Event: 3491.114 GC heap before
{Heap before GC invocations=63 (full 5):
 PSYoungGen      total 442368K, used 442332K [0x00000000e0000000, 0x0000000100000000, 0x0000000100000000)
  eden space 395264K, 100% used [0x00000000e0000000,0x00000000f8200000,0x00000000f8200000)
  from space 47104K, 99% used [0x00000000f8200000,0x00000000faff7350,0x00000000fb000000)
  to   space 68096K, 0% used [0x00000000fbd80000,0x00000000fbd80000,0x0000000100000000)
 ParOldGen       total 271872K, used 167959K [0x00000000a0000000, 0x00000000b0980000, 0x00000000e0000000)
  object space 271872K, 61% used [0x00000000a0000000,0x00000000aa405fa0,0x00000000b0980000)
 Metaspace       used 85804K, capacity 93234K, committed 93440K, reserved 1130496K
  class space    used 10706K, capacity 11908K, committed 12032K, reserved 1048576K
Event: 3491.344 GC heap after
Heap after GC invocations=63 (full 5):
 PSYoungGen      total 439808K, used 57674K [0x00000000e0000000, 0x0000000100000000, 0x0000000100000000)
  eden space 371712K, 0% used [0x00000000e0000000,0x00000000e0000000,0x00000000f6b00000)
  from space 68096K, 84% used [0x00000000fbd80000,0x00000000ff5d29c0,0x0000000100000000)
  to   space 76288K, 0% used [0x00000000f6b00000,0x00000000f6b00000,0x00000000fb580000)
 ParOldGen       total 271872K, used 167959K [0x00000000a0000000, 0x00000000b0980000, 0x00000000e0000000)
  object space 271872K, 61% used [0x00000000a0000000,0x00000000aa405fa0,0x00000000b0980000)
 Metaspace       used 85804K, capacity 93234K, committed 93440K, reserved 1130496K
  class space    used 10706K, capacity 11908K, committed 12032K, reserved 1048576K
}
Event: 3492.258 GC heap before
{Heap before GC invocations=64 (full 5):
 PSYoungGen      total 439808K, used 429386K [0x00000000e0000000, 0x0000000100000000, 0x0000000100000000)
  eden space 371712K, 100% used [0x00000000e0000000,0x00000000f6b00000,0x00000000f6b00000)
  from space 68096K, 84% used [0x00000000fbd80000,0x00000000ff5d29c0,0x0000000100000000)
  to   space 76288K, 0% used [0x00000000f6b00000,0x00000000f6b00000,0x00000000fb580000)
 ParOldGen       total 271872K, used 167959K [0x00000000a0000000, 0x00000000b0980000, 0x00000000e0000000)
  object space 271872K, 61% used [0x00000000a0000000,0x00000000aa405fa0,0x00000000b0980000)
 Metaspace       used 85817K, capacity 93234K, committed 93440K, reserved 1130496K
  class space    used 10706K, capacity 11908K, committed 12032K, reserved 1048576K
Event: 3492.349 GC heap after
Heap after GC invocations=64 (full 5):
 PSYoungGen      total 443904K, used 71947K [0x00000000e0000000, 0x0000000100000000, 0x0000000100000000)
  eden space 371712K, 0% used [0x00000000e0000000,0x00000000e0000000,0x00000000f6b00000)
  from space 72192K, 99% used [0x00000000f6b00000,0x00000000fb142c30,0x00000000fb180000)
  to   space 80384K, 0% used [0x00000000fb180000,0x00000000fb180000,0x0000000100000000)
 ParOldGen       total 271872K, used 171393K [0x00000000a0000000, 0x00000000b0980000, 0x00000000e0000000)
  object space 271872K, 63% used [0x00000000a0000000,0x00000000aa7605d0,0x00000000b0980000)
 Metaspace       used 85817K, capacity 93234K, committed 93440K, reserved 1130496K
  class space    used 10706K, capacity 11908K, committed 12032K, reserved 1048576K
}
Event: 3493.256 GC heap before
{Heap before GC invocations=65 (full 5):
 PSYoungGen      total 443904K, used 443659K [0x00000000e0000000, 0x0000000100000000, 0x0000000100000000)
  eden space 371712K, 100% used [0x00000000e0000000,0x00000000f6b00000,0x00000000f6b00000)
  from space 72192K, 99% used [0x00000000f6b00000,0x00000000fb142c30,0x00000000fb180000)
  to   space 80384K, 0% used [0x00000000fb180000,0x00000000fb180000,0x0000000100000000)
 ParOldGen       total 271872K, used 171393K [0x00000000a0000000, 0x00000000b0980000, 0x00000000e0000000)
  object space 271872K, 63% used [0x00000000a0000000,0x00000000aa7605d0,0x00000000b0980000)
 Metaspace       used 85832K, capacity 93298K, committed 93440K, reserved 1130496K
  class space    used 10706K, capacity 11908K, committed 12032K, reserved 1048576K
Event: 3493.451 GC heap after
Heap after GC invocations=65 (full 5):
 PSYoungGen      total 384512K, used 80367K [0x00000000e0000000, 0x0000000100000000, 0x0000000100000000)
  eden space 304128K, 0% used [0x00000000e0000000,0x00000000e0000000,0x00000000f2900000)
  from space 80384K, 99% used [0x00000000fb180000,0x00000000ffffbd68,0x0000000100000000)
  to   space 110080K, 0% used [0x00000000f2900000,0x00000000f2900000,0x00000000f9480000)
 ParOldGen       total 271872K, used 197381K [0x00000000a0000000, 0x00000000b0980000, 0x00000000e0000000)
  object space 271872K, 72% used [0x00000000a0000000,0x00000000ac0c1458,0x00000000b0980000)
 Metaspace       used 85832K, capacity 93298K, committed 93440K, reserved 1130496K
  class space    used 10706K, capacity 11908K, committed 12032K, reserved 1048576K
}
Event: 3494.190 GC heap before
{Heap before GC invocations=66 (full 5):
 PSYoungGen      total 384512K, used 384495K [0x00000000e0000000, 0x0000000100000000, 0x0000000100000000)
  eden space 304128K, 100% used [0x00000000e0000000,0x00000000f2900000,0x00000000f2900000)
  from space 80384K, 99% used [0x00000000fb180000,0x00000000ffffbd68,0x0000000100000000)
  to   space 110080K, 0% used [0x00000000f2900000,0x00000000f2900000,0x00000000f9480000)
 ParOldGen       total 271872K, used 197381K [0x00000000a0000000, 0x00000000b0980000, 0x00000000e0000000)
  object space 271872K, 72% used [0x00000000a0000000,0x00000000ac0c1458,0x00000000b0980000)
 Metaspace       used 85841K, capacity 93298K, committed 93440K, reserved 1130496K
  class space    used 10706K, capacity 11908K, committed 12032K, reserved 1048576K
Event: 3494.323 GC heap after
Heap after GC invocations=66 (full 5):
 PSYoungGen      total 399360K, used 94727K [0x00000000e0000000, 0x0000000100000000, 0x0000000100000000)
  eden space 304128K, 0% used [0x00000000e0000000,0x00000000e0000000,0x00000000f2900000)
  from space 95232K, 99% used [0x00000000f2900000,0x00000000f8581da0,0x00000000f8600000)
  to   space 123392K, 0% used [0x00000000f8780000,0x00000000f8780000,0x0000000100000000)
 ParOldGen       total 271872K, used 206632K [0x00000000a0000000, 0x00000000b0980000, 0x00000000e0000000)
  object space 271872K, 76% used [0x00000000a0000000,0x00000000ac9ca350,0x00000000b0980000)
 Metaspace       used 85841K, capacity 93298K, committed 93440K, reserved 1130496K
  class space    used 10706K, capacity 11908K, committed 12032K, reserved 1048576K
}

