# JRE version: OpenJDK Runtime Environment (8.0_112-b06) (build 1.8.0_112-release-b06)
# Java VM: OpenJDK 64-Bit Server VM (25.112-b06 mixed mode linux-amd64 compressed oops)
Heap:
 PSYoungGen      total 307200K, used 121696K [0x00000000e0000000, 0x00000000f9900000, 0x0000000100000000)
  eden space 247296K, 30% used [0x00000000e0000000,0x00000000e4a37640,0x00000000ef180000)
  from space 59904K, 76% used [0x00000000ef180000,0x00000000f1e20db8,0x00000000f2c00000)
  to   space 65024K, 0% used [0x00000000f5980000,0x00000000f5980000,0x00000000f9900000)
 ParOldGen       total 260608K, used 167094K [0x00000000a0000000, 0x00000000afe80000, 0x00000000e0000000)
  object space 260608K, 64% used [0x00000000a0000000,0x00000000aa32da90,0x00000000afe80000)
 Metaspace       used 53870K, capacity 55704K, committed 55984K, reserved 1097728K
  class space    used 7147K, capacity 7565K, committed 7600K, reserved 1048576K
GC Heap History (10 events):
Event: 28.464 GC heap before
{Heap before GC invocations=21 (full 3):
 PSYoungGen      total 189952K, used 179203K [0x00000000e0000000, 0x00000000f0880000, 0x0000000100000000)
  eden space 166912K, 100% used [0x00000000e0000000,0x00000000ea300000,0x00000000ea300000)
  from space 23040K, 53% used [0x00000000ea300000,0x00000000eaf00da8,0x00000000eb980000)
  to   space 26624K, 0% used [0x00000000eee80000,0x00000000eee80000,0x00000000f0880000)
 ParOldGen       total 147456K, used 68864K [0x00000000a0000000, 0x00000000a9000000, 0x00000000e0000000)
  object space 147456K, 46% used [0x00000000a0000000,0x00000000a43401c0,0x00000000a9000000)
 Metaspace       used 53539K, capacity 55320K, committed 55472K, reserved 1097728K
  class space    used 7145K, capacity 7565K, committed 7600K, reserved 1048576K
Event: 28.547 GC heap after
Heap after GC invocations=21 (full 3):
 PSYoungGen      total 231424K, used 22537K [0x00000000e0000000, 0x00000000f0500000, 0x0000000100000000)
  eden space 208384K, 0% used [0x00000000e0000000,0x00000000e0000000,0x00000000ecb80000)
  from space 23040K, 97% used [0x00000000eee80000,0x00000000f0482438,0x00000000f0500000)
  to   space 29184K, 0% used [0x00000000ecc00000,0x00000000ecc00000,0x00000000ee880000)
 ParOldGen       total 147456K, used 80245K [0x00000000a0000000, 0x00000000a9000000, 0x00000000e0000000)
  object space 147456K, 54% used [0x00000000a0000000,0x00000000a4e5d6c8,0x00000000a9000000)
 Metaspace       used 53539K, capacity 55320K, committed 55472K, reserved 1097728K
  class space    used 7145K, capacity 7565K, committed 7600K, reserved 1048576K
}
Event: 29.371 GC heap before
{Heap before GC invocations=22 (full 3):
 PSYoungGen      total 231424K, used 230921K [0x00000000e0000000, 0x00000000f0500000, 0x0000000100000000)
  eden space 208384K, 100% used [0x00000000e0000000,0x00000000ecb80000,0x00000000ecb80000)
  from space 23040K, 97% used [0x00000000eee80000,0x00000000f0482438,0x00000000f0500000)
  to   space 29184K, 0% used [0x00000000ecc00000,0x00000000ecc00000,0x00000000ee880000)
 ParOldGen       total 147456K, used 80245K [0x00000000a0000000, 0x00000000a9000000, 0x00000000e0000000)
  object space 147456K, 54% used [0x00000000a0000000,0x00000000a4e5d6c8,0x00000000a9000000)
 Metaspace       used 53606K, capacity 55384K, committed 55472K, reserved 1097728K
  class space    used 7145K, capacity 7565K, committed 7600K, reserved 1048576K
Event: 29.466 GC heap after
Heap after GC invocations=22 (full 3):
 PSYoungGen      total 238080K, used 29161K [0x00000000e0000000, 0x00000000f5500000, 0x0000000100000000)
  eden space 208896K, 0% used [0x00000000e0000000,0x00000000e0000000,0x00000000ecc00000)
  from space 29184K, 99% used [0x00000000ecc00000,0x00000000ee87a4f0,0x00000000ee880000)
  to   space 41984K, 0% used [0x00000000f2c00000,0x00000000f2c00000,0x00000000f5500000)
 ParOldGen       total 147456K, used 102908K [0x00000000a0000000, 0x00000000a9000000, 0x00000000e0000000)
  object space 147456K, 69% used [0x00000000a0000000,0x00000000a647f0c8,0x00000000a9000000)
 Metaspace       used 53606K, capacity 55384K, committed 55472K, reserved 1097728K
  class space    used 7145K, capacity 7565K, committed 7600K, reserved 1048576K
}
Event: 30.327 GC heap before
{Heap before GC invocations=23 (full 3):
 PSYoungGen      total 238080K, used 238057K [0x00000000e0000000, 0x00000000f5500000, 0x0000000100000000)
  eden space 208896K, 100% used [0x00000000e0000000,0x00000000ecc00000,0x00000000ecc00000)
  from space 29184K, 99% used [0x00000000ecc00000,0x00000000ee87a4f0,0x00000000ee880000)
  to   space 41984K, 0% used [0x00000000f2c00000,0x00000000f2c00000,0x00000000f5500000)
 ParOldGen       total 147456K, used 102908K [0x00000000a0000000, 0x00000000a9000000, 0x00000000e0000000)
  object space 147456K, 69% used [0x00000000a0000000,0x00000000a647f0c8,0x00000000a9000000)
 Metaspace       used 53675K, capacity 55448K, committed 55728K, reserved 1097728K
  class space    used 7146K, capacity 7565K, committed 7600K, reserved 1048576K
Event: 30.425 GC heap after
Heap after GC invocations=23 (full 3):
 PSYoungGen      total 289280K, used 41975K [0x00000000e0000000, 0x00000000f7c00000, 0x0000000100000000)
  eden space 247296K, 0% used [0x00000000e0000000,0x00000000e0000000,0x00000000ef180000)
  from space 41984K, 99% used [0x00000000f2c00000,0x00000000f54fde00,0x00000000f5500000)
  to   space 59904K, 0% used [0x00000000ef180000,0x00000000ef180000,0x00000000f2c00000)
 ParOldGen       total 147456K, used 131557K [0x00000000a0000000, 0x00000000a9000000, 0x00000000e0000000)
  object space 147456K, 89% used [0x00000000a0000000,0x00000000a80796e8,0x00000000a9000000)
 Metaspace       used 53675K, capacity 55448K, committed 55728K, reserved 1097728K
  class space    used 7146K, capacity 7565K, committed 7600K, reserved 1048576K
}
Event: 30.425 GC heap before
{Heap before GC invocations=24 (full 4):
 PSYoungGen      total 289280K, used 41975K [0x00000000e0000000, 0x00000000f7c00000, 0x0000000100000000)
  eden space 247296K, 0% used [0x00000000e0000000,0x00000000e0000000,0x00000000ef180000)
  from space 41984K, 99% used [0x00000000f2c00000,0x00000000f54fde00,0x00000000f5500000)
  to   space 59904K, 0% used [0x00000000ef180000,0x00000000ef180000,0x00000000f2c00000)
 ParOldGen       total 147456K, used 131557K [0x00000000a0000000, 0x00000000a9000000, 0x00000000e0000000)
  object space 147456K, 89% used [0x00000000a0000000,0x00000000a80796e8,0x00000000a9000000)
 Metaspace       used 53675K, capacity 55448K, committed 55728K, reserved 1097728K
  class space    used 7146K, capacity 7565K, committed 7600K, reserved 1048576K
Event: 31.534 GC heap after
Heap after GC invocations=24 (full 4):
 PSYoungGen      total 289280K, used 21863K [0x00000000e0000000, 0x00000000f7c00000, 0x0000000100000000)
  eden space 247296K, 0% used [0x00000000e0000000,0x00000000e0000000,0x00000000ef180000)
  from space 41984K, 52% used [0x00000000f2c00000,0x00000000f4159e58,0x00000000f5500000)
  to   space 59904K, 0% used [0x00000000ef180000,0x00000000ef180000,0x00000000f2c00000)
 ParOldGen       total 260608K, used 147018K [0x00000000a0000000, 0x00000000afe80000, 0x00000000e0000000)
  object space 260608K, 56% used [0x00000000a0000000,0x00000000a8f92b70,0x00000000afe80000)
 Metaspace       used 53675K, capacity 55448K, committed 55728K, reserved 1097728K
  class space    used 7146K, capacity 7565K, committed 7600K, reserved 1048576K
}
Event: 32.604 GC heap before
{Heap before GC invocations=25 (full 4):
 PSYoungGen      total 289280K, used 269159K [0x00000000e0000000, 0x00000000f7c00000, 0x0000000100000000)
  eden space 247296K, 100% used [0x00000000e0000000,0x00000000ef180000,0x00000000ef180000)
  from space 41984K, 52% used [0x00000000f2c00000,0x00000000f4159e58,0x00000000f5500000)
  to   space 59904K, 0% used [0x00000000ef180000,0x00000000ef180000,0x00000000f2c00000)
 ParOldGen       total 260608K, used 147018K [0x00000000a0000000, 0x00000000afe80000, 0x00000000e0000000)
  object space 260608K, 56% used [0x00000000a0000000,0x00000000a8f92b70,0x00000000afe80000)
 Metaspace       used 53840K, capacity 55576K, committed 55728K, reserved 1097728K
  class space    used 7147K, capacity 7565K, committed 7600K, reserved 1048576K
Event: 32.746 GC heap after
Heap after GC invocations=25 (full 4):
 PSYoungGen      total 307200K, used 45699K [0x00000000e0000000, 0x00000000f9900000, 0x0000000100000000)
  eden space 247296K, 0% used [0x00000000e0000000,0x00000000e0000000,0x00000000ef180000)
  from space 59904K, 76% used [0x00000000ef180000,0x00000000f1e20db8,0x00000000f2c00000)
  to   space 65024K, 0% used [0x00000000f5980000,0x00000000f5980000,0x00000000f9900000)
 ParOldGen       total 260608K, used 167094K [0x00000000a0000000, 0x00000000afe80000, 0x00000000e0000000)
  object space 260608K, 64% used [0x00000000a0000000,0x00000000aa32da90,0x00000000afe80000)
 Metaspace       used 53840K, capacity 55576K, committed 55728K, reserved 1097728K
  class space    used 7147K, capacity 7565K, committed 7600K, reserved 1048576K
}

