# JRE version: OpenJDK Runtime Environment (8.0_112-b06) (build 1.8.0_112-release-b06)
# Java VM: OpenJDK 64-Bit Server VM (25.112-b06 mixed mode linux-amd64 compressed oops)
Heap:
 PSYoungGen      total 393216K, used 343561K [0x00000000e0000000, 0x00000000ff200000, 0x0000000100000000)
  eden space 293888K, 100% used [0x00000000e0000000,0x00000000f1f00000,0x00000000f1f00000)
  from space 99328K, 50% used [0x00000000f9100000,0x00000000fc1827c8,0x00000000ff200000)
  to   space 108032K, 55% used [0x00000000f1f00000,0x00000000f59320d0,0x00000000f8880000)
 ParOldGen       total 306688K, used 223576K [0x00000000a0000000, 0x00000000b2b80000, 0x00000000e0000000)
  object space 306688K, 72% used [0x00000000a0000000,0x00000000ada56100,0x00000000b2b80000)
 Metaspace       used 69566K, capacity 72268K, committed 72448K, reserved 1112064K
  class space    used 8668K, capacity 9195K, committed 9216K, reserved 1048576K
GC Heap History (10 events):
Event: 593.187 GC heap after
Heap after GC invocations=22 (full 4):
 PSYoungGen      total 427008K, used 54911K [0x00000000e0000000, 0x0000000100000000, 0x0000000100000000)
  eden space 330752K, 0% used [0x00000000e0000000,0x00000000e0000000,0x00000000f4300000)
  from space 96256K, 57% used [0x00000000fa200000,0x00000000fd79ffc0,0x0000000100000000)
  to   space 96768K, 0% used [0x00000000f4300000,0x00000000f4300000,0x00000000fa180000)
 ParOldGen       total 306688K, used 171610K [0x00000000a0000000, 0x00000000b2b80000, 0x00000000e0000000)
  object space 306688K, 55% used [0x00000000a0000000,0x00000000aa796b40,0x00000000b2b80000)
 Metaspace       used 60528K, capacity 62830K, committed 63104K, reserved 1103872K
  class space    used 7796K, capacity 8237K, committed 8320K, reserved 1048576K
}
Event: 602.690 GC heap before
{Heap before GC invocations=23 (full 4):
 PSYoungGen      total 427008K, used 385663K [0x00000000e0000000, 0x0000000100000000, 0x0000000100000000)
  eden space 330752K, 100% used [0x00000000e0000000,0x00000000f4300000,0x00000000f4300000)
  from space 96256K, 57% used [0x00000000fa200000,0x00000000fd79ffc0,0x0000000100000000)
  to   space 96768K, 0% used [0x00000000f4300000,0x00000000f4300000,0x00000000fa180000)
 ParOldGen       total 306688K, used 171610K [0x00000000a0000000, 0x00000000b2b80000, 0x00000000e0000000)
  object space 306688K, 55% used [0x00000000a0000000,0x00000000aa796b40,0x00000000b2b80000)
 Metaspace       used 68617K, capacity 71062K, committed 71424K, reserved 1112064K
  class space    used 8629K, capacity 9108K, committed 9216K, reserved 1048576K
Event: 602.828 GC heap after
Heap after GC invocations=23 (full 4):
 PSYoungGen      total 395264K, used 64143K [0x00000000e0000000, 0x0000000100000000, 0x0000000100000000)
  eden space 330752K, 0% used [0x00000000e0000000,0x00000000e0000000,0x00000000f4300000)
  from space 64512K, 99% used [0x00000000f4300000,0x00000000f81a3d48,0x00000000f8200000)
  to   space 99840K, 0% used [0x00000000f9e80000,0x00000000f9e80000,0x0000000100000000)
 ParOldGen       total 306688K, used 171618K [0x00000000a0000000, 0x00000000b2b80000, 0x00000000e0000000)
  object space 306688K, 55% used [0x00000000a0000000,0x00000000aa798b40,0x00000000b2b80000)
 Metaspace       used 68617K, capacity 71062K, committed 71424K, reserved 1112064K
  class space    used 8629K, capacity 9108K, committed 9216K, reserved 1048576K
}
Event: 604.275 GC heap before
{Heap before GC invocations=24 (full 4):
 PSYoungGen      total 395264K, used 394895K [0x00000000e0000000, 0x0000000100000000, 0x0000000100000000)
  eden space 330752K, 100% used [0x00000000e0000000,0x00000000f4300000,0x00000000f4300000)
  from space 64512K, 99% used [0x00000000f4300000,0x00000000f81a3d48,0x00000000f8200000)
  to   space 99840K, 0% used [0x00000000f9e80000,0x00000000f9e80000,0x0000000100000000)
 ParOldGen       total 306688K, used 171618K [0x00000000a0000000, 0x00000000b2b80000, 0x00000000e0000000)
  object space 306688K, 55% used [0x00000000a0000000,0x00000000aa798b40,0x00000000b2b80000)
 Metaspace       used 68655K, capacity 71126K, committed 71424K, reserved 1112064K
  class space    used 8629K, capacity 9108K, committed 9216K, reserved 1048576K
Event: 604.436 GC heap after
Heap after GC invocations=24 (full 4):
 PSYoungGen      total 390656K, used 99810K [0x00000000e0000000, 0x0000000100000000, 0x0000000100000000)
  eden space 290816K, 0% used [0x00000000e0000000,0x00000000e0000000,0x00000000f1c00000)
  from space 99840K, 99% used [0x00000000f9e80000,0x00000000ffff8a98,0x0000000100000000)
  to   space 116736K, 0% used [0x00000000f1c00000,0x00000000f1c00000,0x00000000f8e00000)
 ParOldGen       total 306688K, used 175612K [0x00000000a0000000, 0x00000000b2b80000, 0x00000000e0000000)
  object space 306688K, 57% used [0x00000000a0000000,0x00000000aab7f3b0,0x00000000b2b80000)
 Metaspace       used 68655K, capacity 71126K, committed 71424K, reserved 1112064K
  class space    used 8629K, capacity 9108K, committed 9216K, reserved 1048576K
}
Event: 1187.588 GC heap before
{Heap before GC invocations=25 (full 4):
 PSYoungGen      total 390656K, used 390626K [0x00000000e0000000, 0x0000000100000000, 0x0000000100000000)
  eden space 290816K, 100% used [0x00000000e0000000,0x00000000f1c00000,0x00000000f1c00000)
  from space 99840K, 99% used [0x00000000f9e80000,0x00000000ffff8a98,0x0000000100000000)
  to   space 116736K, 0% used [0x00000000f1c00000,0x00000000f1c00000,0x00000000f8e00000)
 ParOldGen       total 306688K, used 175612K [0x00000000a0000000, 0x00000000b2b80000, 0x00000000e0000000)
  object space 306688K, 57% used [0x00000000a0000000,0x00000000aab7f3b0,0x00000000b2b80000)
 Metaspace       used 68893K, capacity 71426K, committed 71680K, reserved 1112064K
  class space    used 8644K, capacity 9130K, committed 9216K, reserved 1048576K
Event: 1187.783 GC heap after
Heap after GC invocations=25 (full 4):
 PSYoungGen      total 407552K, used 27100K [0x00000000e0000000, 0x0000000100000000, 0x0000000100000000)
  eden space 290816K, 0% used [0x00000000e0000000,0x00000000e0000000,0x00000000f1c00000)
  from space 116736K, 23% used [0x00000000f1c00000,0x00000000f36772c0,0x00000000f8e00000)
  to   space 113664K, 0% used [0x00000000f9100000,0x00000000f9100000,0x0000000100000000)
 ParOldGen       total 306688K, used 223568K [0x00000000a0000000, 0x00000000b2b80000, 0x00000000e0000000)
  object space 306688K, 72% used [0x00000000a0000000,0x00000000ada54100,0x00000000b2b80000)
 Metaspace       used 68893K, capacity 71426K, committed 71680K, reserved 1112064K
  class space    used 8644K, capacity 9130K, committed 9216K, reserved 1048576K
}
Event: 1191.259 GC heap before
{Heap before GC invocations=26 (full 4):
 PSYoungGen      total 407552K, used 317916K [0x00000000e0000000, 0x0000000100000000, 0x0000000100000000)
  eden space 290816K, 100% used [0x00000000e0000000,0x00000000f1c00000,0x00000000f1c00000)
  from space 116736K, 23% used [0x00000000f1c00000,0x00000000f36772c0,0x00000000f8e00000)
  to   space 113664K, 0% used [0x00000000f9100000,0x00000000f9100000,0x0000000100000000)
 ParOldGen       total 306688K, used 223568K [0x00000000a0000000, 0x00000000b2b80000, 0x00000000e0000000)
  object space 306688K, 72% used [0x00000000a0000000,0x00000000ada54100,0x00000000b2b80000)
 Metaspace       used 69556K, capacity 72268K, committed 72448K, reserved 1112064K
  class space    used 8668K, capacity 9195K, committed 9216K, reserved 1048576K
Event: 1191.336 GC heap after
Heap after GC invocations=26 (full 4):
 PSYoungGen      total 393216K, used 49673K [0x00000000e0000000, 0x00000000ff200000, 0x0000000100000000)
  eden space 293888K, 0% used [0x00000000e0000000,0x00000000e0000000,0x00000000f1f00000)
  from space 99328K, 50% used [0x00000000f9100000,0x00000000fc1827c8,0x00000000ff200000)
  to   space 108032K, 0% used [0x00000000f1f00000,0x00000000f1f00000,0x00000000f8880000)
 ParOldGen       total 306688K, used 223576K [0x00000000a0000000, 0x00000000b2b80000, 0x00000000e0000000)
  object space 306688K, 72% used [0x00000000a0000000,0x00000000ada56100,0x00000000b2b80000)
 Metaspace       used 69556K, capacity 72268K, committed 72448K, reserved 1112064K
  class space    used 8668K, capacity 9195K, committed 9216K, reserved 1048576K
}
Event: 1192.166 GC heap before
{Heap before GC invocations=27 (full 4):
 PSYoungGen      total 393216K, used 343561K [0x00000000e0000000, 0x00000000ff200000, 0x0000000100000000)
  eden space 293888K, 100% used [0x00000000e0000000,0x00000000f1f00000,0x00000000f1f00000)
  from space 99328K, 50% used [0x00000000f9100000,0x00000000fc1827c8,0x00000000ff200000)
  to   space 108032K, 0% used [0x00000000f1f00000,0x00000000f1f00000,0x00000000f8880000)
 ParOldGen       total 306688K, used 223576K [0x00000000a0000000, 0x00000000b2b80000, 0x00000000e0000000)
  object space 306688K, 72% used [0x00000000a0000000,0x00000000ada56100,0x00000000b2b80000)
 Metaspace       used 69566K, capacity 72268K, committed 72448K, reserved 1112064K
  class space    used 8668K, capacity 9195K, committed 9216K, reserved 1048576K

