# JRE version: OpenJDK Runtime Environment (8.0_112-b06) (build 1.8.0_112-release-b06)
# Java VM: OpenJDK 64-Bit Server VM (25.112-b06 mixed mode linux-amd64 compressed oops)
Heap:
 PSYoungGen      total 266752K, used 45031K [0x00000000e0000000, 0x00000000f7080000, 0x0000000100000000)
  eden space 221696K, 0% used [0x00000000e0000000,0x00000000e0000000,0x00000000ed880000)
  from space 45056K, 99% used [0x00000000f1600000,0x00000000f41f9f58,0x00000000f4200000)
  to   space 62976K, 0% used [0x00000000ed880000,0x00000000ed880000,0x00000000f1600000)
 ParOldGen       total 95232K, used 93345K [0x00000000a0000000, 0x00000000a5d00000, 0x00000000e0000000)
  object space 95232K, 98% used [0x00000000a0000000,0x00000000a5b28458,0x00000000a5d00000)
 Metaspace       used 53599K, capacity 55460K, committed 55728K, reserved 1097728K
  class space    used 7143K, capacity 7567K, committed 7600K, reserved 1048576K
GC Heap History (10 events):
Event: 10.923 GC heap after
Heap after GC invocations=10 (full 2):
 PSYoungGen      total 174592K, used 14312K [0x00000000e0000000, 0x00000000ec200000, 0x0000000100000000)
  eden space 160256K, 0% used [0x00000000e0000000,0x00000000e0000000,0x00000000e9c80000)
  from space 14336K, 99% used [0x00000000ead00000,0x00000000ebafa020,0x00000000ebb00000)
  to   space 16896K, 0% used [0x00000000e9c80000,0x00000000e9c80000,0x00000000ead00000)
 ParOldGen       total 95232K, used 19784K [0x00000000a0000000, 0x00000000a5d00000, 0x00000000e0000000)
  object space 95232K, 20% used [0x00000000a0000000,0x00000000a1352080,0x00000000a5d00000)
 Metaspace       used 46397K, capacity 47914K, committed 48176K, reserved 1091584K
  class space    used 6282K, capacity 6650K, committed 6704K, reserved 1048576K
}
Event: 13.634 GC heap before
{Heap before GC invocations=11 (full 2):
 PSYoungGen      total 174592K, used 174568K [0x00000000e0000000, 0x00000000ec200000, 0x0000000100000000)
  eden space 160256K, 100% used [0x00000000e0000000,0x00000000e9c80000,0x00000000e9c80000)
  from space 14336K, 99% used [0x00000000ead00000,0x00000000ebafa020,0x00000000ebb00000)
  to   space 16896K, 0% used [0x00000000e9c80000,0x00000000e9c80000,0x00000000ead00000)
 ParOldGen       total 95232K, used 19784K [0x00000000a0000000, 0x00000000a5d00000, 0x00000000e0000000)
  object space 95232K, 20% used [0x00000000a0000000,0x00000000a1352080,0x00000000a5d00000)
 Metaspace       used 53078K, capacity 54978K, committed 55216K, reserved 1097728K
  class space    used 7117K, capacity 7534K, committed 7600K, reserved 1048576K
Event: 13.680 GC heap after
Heap after GC invocations=11 (full 2):
 PSYoungGen      total 177152K, used 16880K [0x00000000e0000000, 0x00000000ee880000, 0x0000000100000000)
  eden space 160256K, 0% used [0x00000000e0000000,0x00000000e0000000,0x00000000e9c80000)
  from space 16896K, 99% used [0x00000000e9c80000,0x00000000eacfc010,0x00000000ead00000)
  to   space 24576K, 0% used [0x00000000ed080000,0x00000000ed080000,0x00000000ee880000)
 ParOldGen       total 95232K, used 32622K [0x00000000a0000000, 0x00000000a5d00000, 0x00000000e0000000)
  object space 95232K, 34% used [0x00000000a0000000,0x00000000a1fdbad0,0x00000000a5d00000)
 Metaspace       used 53078K, capacity 54978K, committed 55216K, reserved 1097728K
  class space    used 7117K, capacity 7534K, committed 7600K, reserved 1048576K
}
Event: 15.250 GC heap before
{Heap before GC invocations=12 (full 2):
 PSYoungGen      total 177152K, used 177136K [0x00000000e0000000, 0x00000000ee880000, 0x0000000100000000)
  eden space 160256K, 100% used [0x00000000e0000000,0x00000000e9c80000,0x00000000e9c80000)
  from space 16896K, 99% used [0x00000000e9c80000,0x00000000eacfc010,0x00000000ead00000)
  to   space 24576K, 0% used [0x00000000ed080000,0x00000000ed080000,0x00000000ee880000)
 ParOldGen       total 95232K, used 32622K [0x00000000a0000000, 0x00000000a5d00000, 0x00000000e0000000)
  object space 95232K, 34% used [0x00000000a0000000,0x00000000a1fdbad0,0x00000000a5d00000)
 Metaspace       used 53408K, capacity 55236K, committed 55472K, reserved 1097728K
  class space    used 7137K, capacity 7535K, committed 7600K, reserved 1048576K
Event: 15.311 GC heap after
Heap after GC invocations=12 (full 2):
 PSYoungGen      total 205824K, used 24556K [0x00000000e0000000, 0x00000000eff00000, 0x0000000100000000)
  eden space 181248K, 0% used [0x00000000e0000000,0x00000000e0000000,0x00000000eb100000)
  from space 24576K, 99% used [0x00000000ed080000,0x00000000ee87b270,0x00000000ee880000)
  to   space 32256K, 0% used [0x00000000eb100000,0x00000000eb100000,0x00000000ed080000)
 ParOldGen       total 95232K, used 44030K [0x00000000a0000000, 0x00000000a5d00000, 0x00000000e0000000)
  object space 95232K, 46% used [0x00000000a0000000,0x00000000a2affaa0,0x00000000a5d00000)
 Metaspace       used 53408K, capacity 55236K, committed 55472K, reserved 1097728K
  class space    used 7137K, capacity 7535K, committed 7600K, reserved 1048576K
}
Event: 16.282 GC heap before
{Heap before GC invocations=13 (full 2):
 PSYoungGen      total 205824K, used 205804K [0x00000000e0000000, 0x00000000eff00000, 0x0000000100000000)
  eden space 181248K, 100% used [0x00000000e0000000,0x00000000eb100000,0x00000000eb100000)
  from space 24576K, 99% used [0x00000000ed080000,0x00000000ee87b270,0x00000000ee880000)
  to   space 32256K, 0% used [0x00000000eb100000,0x00000000eb100000,0x00000000ed080000)
 ParOldGen       total 95232K, used 44030K [0x00000000a0000000, 0x00000000a5d00000, 0x00000000e0000000)
  object space 95232K, 46% used [0x00000000a0000000,0x00000000a2affaa0,0x00000000a5d00000)
 Metaspace       used 53536K, capacity 55364K, committed 55728K, reserved 1097728K
  class space    used 7139K, capacity 7535K, committed 7600K, reserved 1048576K
Event: 16.381 GC heap after
Heap after GC invocations=13 (full 2):
 PSYoungGen      total 213504K, used 32240K [0x00000000e0000000, 0x00000000f4200000, 0x0000000100000000)
  eden space 181248K, 0% used [0x00000000e0000000,0x00000000e0000000,0x00000000eb100000)
  from space 32256K, 99% used [0x00000000eb100000,0x00000000ed07c190,0x00000000ed080000)
  to   space 45056K, 0% used [0x00000000f1600000,0x00000000f1600000,0x00000000f4200000)
 ParOldGen       total 95232K, used 65304K [0x00000000a0000000, 0x00000000a5d00000, 0x00000000e0000000)
  object space 95232K, 68% used [0x00000000a0000000,0x00000000a3fc6218,0x00000000a5d00000)
 Metaspace       used 53536K, capacity 55364K, committed 55728K, reserved 1097728K
  class space    used 7139K, capacity 7535K, committed 7600K, reserved 1048576K
}
Event: 17.336 GC heap before
{Heap before GC invocations=14 (full 2):
 PSYoungGen      total 213504K, used 213488K [0x00000000e0000000, 0x00000000f4200000, 0x0000000100000000)
  eden space 181248K, 100% used [0x00000000e0000000,0x00000000eb100000,0x00000000eb100000)
  from space 32256K, 99% used [0x00000000eb100000,0x00000000ed07c190,0x00000000ed080000)
  to   space 45056K, 0% used [0x00000000f1600000,0x00000000f1600000,0x00000000f4200000)
 ParOldGen       total 95232K, used 65304K [0x00000000a0000000, 0x00000000a5d00000, 0x00000000e0000000)
  object space 95232K, 68% used [0x00000000a0000000,0x00000000a3fc6218,0x00000000a5d00000)
 Metaspace       used 53599K, capacity 55460K, committed 55728K, reserved 1097728K
  class space    used 7143K, capacity 7567K, committed 7600K, reserved 1048576K
Event: 17.470 GC heap after
Heap after GC invocations=14 (full 2):
 PSYoungGen      total 266752K, used 45031K [0x00000000e0000000, 0x00000000f7080000, 0x0000000100000000)
  eden space 221696K, 0% used [0x00000000e0000000,0x00000000e0000000,0x00000000ed880000)
  from space 45056K, 99% used [0x00000000f1600000,0x00000000f41f9f58,0x00000000f4200000)
  to   space 62976K, 0% used [0x00000000ed880000,0x00000000ed880000,0x00000000f1600000)
 ParOldGen       total 95232K, used 93345K [0x00000000a0000000, 0x00000000a5d00000, 0x00000000e0000000)
  object space 95232K, 98% used [0x00000000a0000000,0x00000000a5b28458,0x00000000a5d00000)
 Metaspace       used 53599K, capacity 55460K, committed 55728K, reserved 1097728K
  class space    used 7143K, capacity 7567K, committed 7600K, reserved 1048576K
}
Event: 17.470 GC heap before
{Heap before GC invocations=15 (full 3):
 PSYoungGen      total 266752K, used 45031K [0x00000000e0000000, 0x00000000f7080000, 0x0000000100000000)
  eden space 221696K, 0% used [0x00000000e0000000,0x00000000e0000000,0x00000000ed880000)
  from space 45056K, 99% used [0x00000000f1600000,0x00000000f41f9f58,0x00000000f4200000)
  to   space 62976K, 0% used [0x00000000ed880000,0x00000000ed880000,0x00000000f1600000)
 ParOldGen       total 95232K, used 93345K [0x00000000a0000000, 0x00000000a5d00000, 0x00000000e0000000)
  object space 95232K, 98% used [0x00000000a0000000,0x00000000a5b28458,0x00000000a5d00000)
 Metaspace       used 53599K, capacity 55460K, committed 55728K, reserved 1097728K
  class space    used 7143K, capacity 7567K, committed 7600K, reserved 1048576K

