# JRE version: OpenJDK Runtime Environment (8.0_112-b06) (build 1.8.0_112-release-b06)
# Java VM: OpenJDK 64-Bit Server VM (25.112-b06 mixed mode linux-amd64 compressed oops)
Heap:
 PSYoungGen      total 460288K, used 455302K [0x00000000e0000000, 0x0000000100000000, 0x0000000100000000)
  eden space 412672K, 98% used [0x00000000e0000000,0x00000000f8e78b98,0x00000000f9300000)
  from space 47616K, 99% used [0x00000000fd180000,0x00000000fffa8f30,0x0000000100000000)
  to   space 55808K, 79% used [0x00000000f9300000,0x00000000fbe94408,0x00000000fc980000)
 ParOldGen       total 135680K, used 88752K [0x00000000a0000000, 0x00000000a8480000, 0x00000000e0000000)
  object space 135680K, 65% used [0x00000000a0000000,0x00000000a56ac0a8,0x00000000a8480000)
 Metaspace       used 66721K, capacity 68986K, committed 69144K, reserved 1110016K
  class space    used 8528K, capacity 8968K, committed 9008K, reserved 1048576K
GC Heap History (10 events):
Event: 37.566 GC heap after
Heap after GC invocations=18 (full 3):
 PSYoungGen      total 262144K, used 28100K [0x00000000e0000000, 0x00000000f8980000, 0x0000000100000000)
  eden space 228352K, 0% used [0x00000000e0000000,0x00000000e0000000,0x00000000edf00000)
  from space 33792K, 83% used [0x00000000edf00000,0x00000000efa71378,0x00000000f0000000)
  to   space 37376K, 0% used [0x00000000f6500000,0x00000000f6500000,0x00000000f8980000)
 ParOldGen       total 109568K, used 72507K [0x00000000a0000000, 0x00000000a6b00000, 0x00000000e0000000)
  object space 109568K, 66% used [0x00000000a0000000,0x00000000a46cee88,0x00000000a6b00000)
 Metaspace       used 60706K, capacity 62750K, committed 63000K, reserved 1103872K
  class space    used 7977K, capacity 8401K, committed 8496K, reserved 1048576K
}
Event: 37.639 GC heap before
{Heap before GC invocations=19 (full 3):
 PSYoungGen      total 262144K, used 256452K [0x00000000e0000000, 0x00000000f8980000, 0x0000000100000000)
  eden space 228352K, 100% used [0x00000000e0000000,0x00000000edf00000,0x00000000edf00000)
  from space 33792K, 83% used [0x00000000edf00000,0x00000000efa71378,0x00000000f0000000)
  to   space 37376K, 0% used [0x00000000f6500000,0x00000000f6500000,0x00000000f8980000)
 ParOldGen       total 109568K, used 72507K [0x00000000a0000000, 0x00000000a6b00000, 0x00000000e0000000)
  object space 109568K, 66% used [0x00000000a0000000,0x00000000a46cee88,0x00000000a6b00000)
 Metaspace       used 60718K, capacity 62750K, committed 63000K, reserved 1103872K
  class space    used 7977K, capacity 8401K, committed 8496K, reserved 1048576K
Event: 37.725 GC heap after
Heap after GC invocations=19 (full 3):
 PSYoungGen      total 365568K, used 64K [0x00000000e0000000, 0x00000000fa300000, 0x0000000100000000)
  eden space 328192K, 0% used [0x00000000e0000000,0x00000000e0000000,0x00000000f4080000)
  from space 37376K, 0% used [0x00000000f6500000,0x00000000f6510000,0x00000000f8980000)
  to   space 37376K, 0% used [0x00000000f4080000,0x00000000f4080000,0x00000000f6500000)
 ParOldGen       total 109568K, used 99154K [0x00000000a0000000, 0x00000000a6b00000, 0x00000000e0000000)
  object space 109568K, 90% used [0x00000000a0000000,0x00000000a60d49f0,0x00000000a6b00000)
 Metaspace       used 60718K, capacity 62750K, committed 63000K, reserved 1103872K
  class space    used 7977K, capacity 8401K, committed 8496K, reserved 1048576K
}
Event: 37.726 GC heap before
{Heap before GC invocations=20 (full 4):
 PSYoungGen      total 365568K, used 64K [0x00000000e0000000, 0x00000000fa300000, 0x0000000100000000)
  eden space 328192K, 0% used [0x00000000e0000000,0x00000000e0000000,0x00000000f4080000)
  from space 37376K, 0% used [0x00000000f6500000,0x00000000f6510000,0x00000000f8980000)
  to   space 37376K, 0% used [0x00000000f4080000,0x00000000f4080000,0x00000000f6500000)
 ParOldGen       total 109568K, used 99154K [0x00000000a0000000, 0x00000000a6b00000, 0x00000000e0000000)
  object space 109568K, 90% used [0x00000000a0000000,0x00000000a60d49f0,0x00000000a6b00000)
 Metaspace       used 60718K, capacity 62750K, committed 63000K, reserved 1103872K
  class space    used 7977K, capacity 8401K, committed 8496K, reserved 1048576K
Event: 37.892 GC heap after
Heap after GC invocations=20 (full 4):
 PSYoungGen      total 365568K, used 0K [0x00000000e0000000, 0x00000000fa300000, 0x0000000100000000)
  eden space 328192K, 0% used [0x00000000e0000000,0x00000000e0000000,0x00000000f4080000)
  from space 37376K, 0% used [0x00000000f6500000,0x00000000f6500000,0x00000000f8980000)
  to   space 37376K, 0% used [0x00000000f4080000,0x00000000f4080000,0x00000000f6500000)
 ParOldGen       total 135680K, used 44335K [0x00000000a0000000, 0x00000000a8480000, 0x00000000e0000000)
  object space 135680K, 32% used [0x00000000a0000000,0x00000000a2b4bc40,0x00000000a8480000)
 Metaspace       used 60644K, capacity 62642K, committed 63000K, reserved 1103872K
  class space    used 7966K, capacity 8361K, committed 8496K, reserved 1048576K
}
Event: 44.063 GC heap before
{Heap before GC invocations=21 (full 4):
 PSYoungGen      total 365568K, used 328192K [0x00000000e0000000, 0x00000000fa300000, 0x0000000100000000)
  eden space 328192K, 100% used [0x00000000e0000000,0x00000000f4080000,0x00000000f4080000)
  from space 37376K, 0% used [0x00000000f6500000,0x00000000f6500000,0x00000000f8980000)
  to   space 37376K, 0% used [0x00000000f4080000,0x00000000f4080000,0x00000000f6500000)
 ParOldGen       total 135680K, used 44335K [0x00000000a0000000, 0x00000000a8480000, 0x00000000e0000000)
  object space 135680K, 32% used [0x00000000a0000000,0x00000000a2b4bc40,0x00000000a8480000)
 Metaspace       used 65102K, capacity 67266K, committed 67480K, reserved 1107968K
  class space    used 8363K, capacity 8828K, committed 8880K, reserved 1048576K
Event: 44.126 GC heap after
Heap after GC invocations=21 (full 4):
 PSYoungGen      total 365568K, used 37347K [0x00000000e0000000, 0x0000000100000000, 0x0000000100000000)
  eden space 328192K, 0% used [0x00000000e0000000,0x00000000e0000000,0x00000000f4080000)
  from space 37376K, 99% used [0x00000000f4080000,0x00000000f64f8d28,0x00000000f6500000)
  to   space 47616K, 0% used [0x00000000fd180000,0x00000000fd180000,0x0000000100000000)
 ParOldGen       total 135680K, used 53982K [0x00000000a0000000, 0x00000000a8480000, 0x00000000e0000000)
  object space 135680K, 39% used [0x00000000a0000000,0x00000000a34b7a00,0x00000000a8480000)
 Metaspace       used 65102K, capacity 67266K, committed 67480K, reserved 1107968K
  class space    used 8363K, capacity 8828K, committed 8880K, reserved 1048576K
}
Event: 45.804 GC heap before
{Heap before GC invocations=22 (full 4):
 PSYoungGen      total 365568K, used 365539K [0x00000000e0000000, 0x0000000100000000, 0x0000000100000000)
  eden space 328192K, 100% used [0x00000000e0000000,0x00000000f4080000,0x00000000f4080000)
  from space 37376K, 99% used [0x00000000f4080000,0x00000000f64f8d28,0x00000000f6500000)
  to   space 47616K, 0% used [0x00000000fd180000,0x00000000fd180000,0x0000000100000000)
 ParOldGen       total 135680K, used 53982K [0x00000000a0000000, 0x00000000a8480000, 0x00000000e0000000)
  object space 135680K, 39% used [0x00000000a0000000,0x00000000a34b7a00,0x00000000a8480000)
 Metaspace       used 65292K, capacity 67458K, committed 67736K, reserved 1107968K
  class space    used 8363K, capacity 8828K, committed 8880K, reserved 1048576K
Event: 45.914 GC heap after
Heap after GC invocations=22 (full 4):
 PSYoungGen      total 460288K, used 47267K [0x00000000e0000000, 0x0000000100000000, 0x0000000100000000)
  eden space 412672K, 0% used [0x00000000e0000000,0x00000000e0000000,0x00000000f9300000)
  from space 47616K, 99% used [0x00000000fd180000,0x00000000fffa8f30,0x0000000100000000)
  to   space 55808K, 0% used [0x00000000f9300000,0x00000000f9300000,0x00000000fc980000)
 ParOldGen       total 135680K, used 69584K [0x00000000a0000000, 0x00000000a8480000, 0x00000000e0000000)
  object space 135680K, 51% used [0x00000000a0000000,0x00000000a43f40b0,0x00000000a8480000)
 Metaspace       used 65292K, capacity 67458K, committed 67736K, reserved 1107968K
  class space    used 8363K, capacity 8828K, committed 8880K, reserved 1048576K
}
Event: 49.161 GC heap before
{Heap before GC invocations=23 (full 4):
 PSYoungGen      total 460288K, used 455302K [0x00000000e0000000, 0x0000000100000000, 0x0000000100000000)
  eden space 412672K, 98% used [0x00000000e0000000,0x00000000f8e78b98,0x00000000f9300000)
  from space 47616K, 99% used [0x00000000fd180000,0x00000000fffa8f30,0x0000000100000000)
  to   space 55808K, 0% used [0x00000000f9300000,0x00000000f9300000,0x00000000fc980000)
 ParOldGen       total 135680K, used 77776K [0x00000000a0000000, 0x00000000a8480000, 0x00000000e0000000)
  object space 135680K, 57% used [0x00000000a0000000,0x00000000a4bf40c0,0x00000000a8480000)
 Metaspace       used 66721K, capacity 68986K, committed 69144K, reserved 1110016K
  class space    used 8528K, capacity 8968K, committed 9008K, reserved 1048576K

