# JRE version: OpenJDK Runtime Environment (8.0_112-b06) (build 1.8.0_112-release-b06)
# Java VM: OpenJDK 64-Bit Server VM (25.112-b06 mixed mode linux-amd64 compressed oops)
Heap:
 PSYoungGen      total 371712K, used 353250K [0x00000000e0000000, 0x00000000fdf00000, 0x0000000100000000)
  eden space 343552K, 100% used [0x00000000e0000000,0x00000000f4f80000,0x00000000f4f80000)
  from space 28160K, 34% used [0x00000000f4f80000,0x00000000f58f8880,0x00000000f6b00000)
  to   space 27136K, 99% used [0x00000000fc480000,0x00000000fdefb4a8,0x00000000fdf00000)
 ParOldGen       total 120320K, used 78674K [0x00000000a0000000, 0x00000000a7580000, 0x00000000e0000000)
  object space 120320K, 65% used [0x00000000a0000000,0x00000000a4cd4a38,0x00000000a7580000)
 Metaspace       used 72669K, capacity 76132K, committed 76288K, reserved 1116160K
  class space    used 9408K, capacity 10219K, committed 10240K, reserved 1048576K
GC Heap History (10 events):
Event: 44.249 GC heap after
Heap after GC invocations=10 (full 2):
 PSYoungGen      total 274432K, used 16355K [0x00000000e0000000, 0x00000000f2400000, 0x0000000100000000)
  eden space 258048K, 0% used [0x00000000e0000000,0x00000000e0000000,0x00000000efc00000)
  from space 16384K, 99% used [0x00000000f1000000,0x00000000f1ff8f30,0x00000000f2000000)
  to   space 20480K, 0% used [0x00000000efc00000,0x00000000efc00000,0x00000000f1000000)
 ParOldGen       total 73728K, used 22076K [0x00000000a0000000, 0x00000000a4800000, 0x00000000e0000000)
  object space 73728K, 29% used [0x00000000a0000000,0x00000000a158f040,0x00000000a4800000)
 Metaspace       used 51481K, capacity 52792K, committed 52992K, reserved 1095680K
  class space    used 6798K, capacity 7162K, committed 7168K, reserved 1048576K
}
Event: 49.001 GC heap before
{Heap before GC invocations=11 (full 2):
 PSYoungGen      total 274432K, used 195956K [0x00000000e0000000, 0x00000000f2400000, 0x0000000100000000)
  eden space 258048K, 69% used [0x00000000e0000000,0x00000000eaf643c8,0x00000000efc00000)
  from space 16384K, 99% used [0x00000000f1000000,0x00000000f1ff8f30,0x00000000f2000000)
  to   space 20480K, 0% used [0x00000000efc00000,0x00000000efc00000,0x00000000f1000000)
 ParOldGen       total 73728K, used 22076K [0x00000000a0000000, 0x00000000a4800000, 0x00000000e0000000)
  object space 73728K, 29% used [0x00000000a0000000,0x00000000a158f040,0x00000000a4800000)
 Metaspace       used 57049K, capacity 59160K, committed 59160K, reserved 1099776K
  class space    used 7757K, capacity 8320K, committed 8320K, reserved 1048576K
Event: 49.131 GC heap after
Heap after GC invocations=11 (full 2):
 PSYoungGen      total 278528K, used 20449K [0x00000000e0000000, 0x00000000f9980000, 0x0000000100000000)
  eden space 258048K, 0% used [0x00000000e0000000,0x00000000e0000000,0x00000000efc00000)
  from space 20480K, 99% used [0x00000000efc00000,0x00000000f0ff8668,0x00000000f1000000)
  to   space 29184K, 0% used [0x00000000f7d00000,0x00000000f7d00000,0x00000000f9980000)
 ParOldGen       total 73728K, used 36607K [0x00000000a0000000, 0x00000000a4800000, 0x00000000e0000000)
  object space 73728K, 49% used [0x00000000a0000000,0x00000000a23bfc78,0x00000000a4800000)
 Metaspace       used 57049K, capacity 59160K, committed 59160K, reserved 1099776K
  class space    used 7757K, capacity 8320K, committed 8320K, reserved 1048576K
}
Event: 49.131 GC heap before
{Heap before GC invocations=12 (full 3):
 PSYoungGen      total 278528K, used 20449K [0x00000000e0000000, 0x00000000f9980000, 0x0000000100000000)
  eden space 258048K, 0% used [0x00000000e0000000,0x00000000e0000000,0x00000000efc00000)
  from space 20480K, 99% used [0x00000000efc00000,0x00000000f0ff8668,0x00000000f1000000)
  to   space 29184K, 0% used [0x00000000f7d00000,0x00000000f7d00000,0x00000000f9980000)
 ParOldGen       total 73728K, used 36607K [0x00000000a0000000, 0x00000000a4800000, 0x00000000e0000000)
  object space 73728K, 49% used [0x00000000a0000000,0x00000000a23bfc78,0x00000000a4800000)
 Metaspace       used 57049K, capacity 59160K, committed 59160K, reserved 1099776K
  class space    used 7757K, capacity 8320K, committed 8320K, reserved 1048576K
Event: 49.592 GC heap after
Heap after GC invocations=12 (full 3):
 PSYoungGen      total 278528K, used 0K [0x00000000e0000000, 0x00000000f9980000, 0x0000000100000000)
  eden space 258048K, 0% used [0x00000000e0000000,0x00000000e0000000,0x00000000efc00000)
  from space 20480K, 0% used [0x00000000efc00000,0x00000000efc00000,0x00000000f1000000)
  to   space 29184K, 0% used [0x00000000f7d00000,0x00000000f7d00000,0x00000000f9980000)
 ParOldGen       total 120320K, used 48685K [0x00000000a0000000, 0x00000000a7580000, 0x00000000e0000000)
  object space 120320K, 40% used [0x00000000a0000000,0x00000000a2f8b560,0x00000000a7580000)
 Metaspace       used 57049K, capacity 59160K, committed 59160K, reserved 1099776K
  class space    used 7757K, capacity 8320K, committed 8320K, reserved 1048576K
}
Event: 371.183 GC heap before
{Heap before GC invocations=13 (full 3):
 PSYoungGen      total 278528K, used 258048K [0x00000000e0000000, 0x00000000f9980000, 0x0000000100000000)
  eden space 258048K, 100% used [0x00000000e0000000,0x00000000efc00000,0x00000000efc00000)
  from space 20480K, 0% used [0x00000000efc00000,0x00000000efc00000,0x00000000f1000000)
  to   space 29184K, 0% used [0x00000000f7d00000,0x00000000f7d00000,0x00000000f9980000)
 ParOldGen       total 120320K, used 48685K [0x00000000a0000000, 0x00000000a7580000, 0x00000000e0000000)
  object space 120320K, 40% used [0x00000000a0000000,0x00000000a2f8b560,0x00000000a7580000)
 Metaspace       used 63325K, capacity 66218K, committed 66432K, reserved 1105920K
  class space    used 8399K, capacity 9086K, committed 9088K, reserved 1048576K
Event: 371.289 GC heap after
Heap after GC invocations=13 (full 3):
 PSYoungGen      total 350208K, used 9703K [0x00000000e0000000, 0x00000000f8680000, 0x0000000100000000)
  eden space 340480K, 0% used [0x00000000e0000000,0x00000000e0000000,0x00000000f4c80000)
  from space 9728K, 99% used [0x00000000f7d00000,0x00000000f8679d30,0x00000000f8680000)
  to   space 28160K, 0% used [0x00000000f4f80000,0x00000000f4f80000,0x00000000f6b00000)
 ParOldGen       total 120320K, used 48693K [0x00000000a0000000, 0x00000000a7580000, 0x00000000e0000000)
  object space 120320K, 40% used [0x00000000a0000000,0x00000000a2f8d560,0x00000000a7580000)
 Metaspace       used 63325K, capacity 66218K, committed 66432K, reserved 1105920K
  class space    used 8399K, capacity 9086K, committed 9088K, reserved 1048576K
}
Event: 408.939 GC heap before
{Heap before GC invocations=14 (full 3):
 PSYoungGen      total 350208K, used 350183K [0x00000000e0000000, 0x00000000f8680000, 0x0000000100000000)
  eden space 340480K, 100% used [0x00000000e0000000,0x00000000f4c80000,0x00000000f4c80000)
  from space 9728K, 99% used [0x00000000f7d00000,0x00000000f8679d30,0x00000000f8680000)
  to   space 28160K, 0% used [0x00000000f4f80000,0x00000000f4f80000,0x00000000f6b00000)
 ParOldGen       total 120320K, used 48693K [0x00000000a0000000, 0x00000000a7580000, 0x00000000e0000000)
  object space 120320K, 40% used [0x00000000a0000000,0x00000000a2f8d560,0x00000000a7580000)
 Metaspace       used 66450K, capacity 69610K, committed 69888K, reserved 1110016K
  class space    used 8695K, capacity 9434K, committed 9472K, reserved 1048576K
Event: 409.018 GC heap after
Heap after GC invocations=14 (full 3):
 PSYoungGen      total 371712K, used 9698K [0x00000000e0000000, 0x00000000fdf00000, 0x0000000100000000)
  eden space 343552K, 0% used [0x00000000e0000000,0x00000000e0000000,0x00000000f4f80000)
  from space 28160K, 34% used [0x00000000f4f80000,0x00000000f58f8880,0x00000000f6b00000)
  to   space 27136K, 0% used [0x00000000fc480000,0x00000000fc480000,0x00000000fdf00000)
 ParOldGen       total 120320K, used 53181K [0x00000000a0000000, 0x00000000a7580000, 0x00000000e0000000)
  object space 120320K, 44% used [0x00000000a0000000,0x00000000a33ef678,0x00000000a7580000)
 Metaspace       used 66450K, capacity 69610K, committed 69888K, reserved 1110016K
  class space    used 8695K, capacity 9434K, committed 9472K, reserved 1048576K
}
Event: 981.935 GC heap before
{Heap before GC invocations=15 (full 3):
 PSYoungGen      total 371712K, used 353250K [0x00000000e0000000, 0x00000000fdf00000, 0x0000000100000000)
  eden space 343552K, 100% used [0x00000000e0000000,0x00000000f4f80000,0x00000000f4f80000)
  from space 28160K, 34% used [0x00000000f4f80000,0x00000000f58f8880,0x00000000f6b00000)
  to   space 27136K, 0% used [0x00000000fc480000,0x00000000fc480000,0x00000000fdf00000)
 ParOldGen       total 120320K, used 53181K [0x00000000a0000000, 0x00000000a7580000, 0x00000000e0000000)
  object space 120320K, 44% used [0x00000000a0000000,0x00000000a33ef678,0x00000000a7580000)
 Metaspace       used 72669K, capacity 76132K, committed 76288K, reserved 1116160K
  class space    used 9408K, capacity 10219K, committed 10240K, reserved 1048576K

