# JRE version: OpenJDK Runtime Environment (8.0_112-b06) (build 1.8.0_112-release-b06)
# Java VM: OpenJDK 64-Bit Server VM (25.112-b06 mixed mode linux-amd64 compressed oops)
Heap:
 PSYoungGen      total 449536K, used 373197K [0x00000000e0000000, 0x00000000ffa00000, 0x0000000100000000)
  eden space 384000K, 94% used [0x00000000e0000000,0x00000000f6388288,0x00000000f7700000)
  from space 65536K, 13% used [0x00000000fba00000,0x00000000fc2eb2b8,0x00000000ffa00000)
  to   space 67072K, 0% used [0x00000000f7700000,0x00000000f7700000,0x00000000fb880000)
 ParOldGen       total 203264K, used 151095K [0x00000000a0000000, 0x00000000ac680000, 0x00000000e0000000)
  object space 203264K, 74% used [0x00000000a0000000,0x00000000a938dd68,0x00000000ac680000)
 Metaspace       used 69528K, capacity 72302K, committed 72496K, reserved 1112064K
  class space    used 8631K, capacity 9186K, committed 9264K, reserved 1048576K
GC Heap History (10 events):
Event: 267.121 GC heap before
{Heap before GC invocations=19 (full 3):
 PSYoungGen      total 433152K, used 371063K [0x00000000e0000000, 0x0000000100000000, 0x0000000100000000)
  eden space 369152K, 100% used [0x00000000e0000000,0x00000000f6880000,0x00000000f6880000)
  from space 64000K, 2% used [0x00000000f6880000,0x00000000f6a5dd20,0x00000000fa700000)
  to   space 64000K, 0% used [0x00000000fc180000,0x00000000fc180000,0x0000000100000000)
 ParOldGen       total 203264K, used 151055K [0x00000000a0000000, 0x00000000ac680000, 0x00000000e0000000)
  object space 203264K, 74% used [0x00000000a0000000,0x00000000a9383d68,0x00000000ac680000)
 Metaspace       used 66884K, capacity 69138K, committed 69424K, reserved 1110016K
  class space    used 8443K, capacity 8908K, committed 9008K, reserved 1048576K
Event: 267.193 GC heap after
Heap after GC invocations=19 (full 3):
 PSYoungGen      total 449024K, used 49828K [0x00000000e0000000, 0x0000000100000000, 0x0000000100000000)
  eden space 385024K, 0% used [0x00000000e0000000,0x00000000e0000000,0x00000000f7800000)
  from space 64000K, 77% used [0x00000000fc180000,0x00000000ff2290f8,0x0000000100000000)
  to   space 69632K, 0% used [0x00000000f7800000,0x00000000f7800000,0x00000000fbc00000)
 ParOldGen       total 203264K, used 151063K [0x00000000a0000000, 0x00000000ac680000, 0x00000000e0000000)
  object space 203264K, 74% used [0x00000000a0000000,0x00000000a9385d68,0x00000000ac680000)
 Metaspace       used 66884K, capacity 69138K, committed 69424K, reserved 1110016K
  class space    used 8443K, capacity 8908K, committed 9008K, reserved 1048576K
}
Event: 442.781 GC heap before
{Heap before GC invocations=20 (full 3):
 PSYoungGen      total 449024K, used 434852K [0x00000000e0000000, 0x0000000100000000, 0x0000000100000000)
  eden space 385024K, 100% used [0x00000000e0000000,0x00000000f7800000,0x00000000f7800000)
  from space 64000K, 77% used [0x00000000fc180000,0x00000000ff2290f8,0x0000000100000000)
  to   space 69632K, 0% used [0x00000000f7800000,0x00000000f7800000,0x00000000fbc00000)
 ParOldGen       total 203264K, used 151063K [0x00000000a0000000, 0x00000000ac680000, 0x00000000e0000000)
  object space 203264K, 74% used [0x00000000a0000000,0x00000000a9385d68,0x00000000ac680000)
 Metaspace       used 68247K, capacity 70738K, committed 71088K, reserved 1112064K
  class space    used 8555K, capacity 9048K, committed 9136K, reserved 1048576K
Event: 442.798 GC heap after
Heap after GC invocations=20 (full 3):
 PSYoungGen      total 454656K, used 7318K [0x00000000e0000000, 0x0000000100000000, 0x0000000100000000)
  eden space 385024K, 0% used [0x00000000e0000000,0x00000000e0000000,0x00000000f7800000)
  from space 69632K, 10% used [0x00000000f7800000,0x00000000f7f258b0,0x00000000fbc00000)
  to   space 68608K, 0% used [0x00000000fbd00000,0x00000000fbd00000,0x0000000100000000)
 ParOldGen       total 203264K, used 151071K [0x00000000a0000000, 0x00000000ac680000, 0x00000000e0000000)
  object space 203264K, 74% used [0x00000000a0000000,0x00000000a9387d68,0x00000000ac680000)
 Metaspace       used 68247K, capacity 70738K, committed 71088K, reserved 1112064K
  class space    used 8555K, capacity 9048K, committed 9136K, reserved 1048576K
}
Event: 445.191 GC heap before
{Heap before GC invocations=21 (full 3):
 PSYoungGen      total 454656K, used 392342K [0x00000000e0000000, 0x0000000100000000, 0x0000000100000000)
  eden space 385024K, 100% used [0x00000000e0000000,0x00000000f7800000,0x00000000f7800000)
  from space 69632K, 10% used [0x00000000f7800000,0x00000000f7f258b0,0x00000000fbc00000)
  to   space 68608K, 0% used [0x00000000fbd00000,0x00000000fbd00000,0x0000000100000000)
 ParOldGen       total 203264K, used 151071K [0x00000000a0000000, 0x00000000ac680000, 0x00000000e0000000)
  object space 203264K, 74% used [0x00000000a0000000,0x00000000a9387d68,0x00000000ac680000)
 Metaspace       used 68900K, capacity 71526K, committed 71600K, reserved 1112064K
  class space    used 8599K, capacity 9120K, committed 9136K, reserved 1048576K
Event: 445.232 GC heap after
Heap after GC invocations=21 (full 3):
 PSYoungGen      total 449536K, used 44673K [0x00000000e0000000, 0x0000000100000000, 0x0000000100000000)
  eden space 380928K, 0% used [0x00000000e0000000,0x00000000e0000000,0x00000000f7400000)
  from space 68608K, 65% used [0x00000000fbd00000,0x00000000fe8a0418,0x0000000100000000)
  to   space 71680K, 0% used [0x00000000f7400000,0x00000000f7400000,0x00000000fba00000)
 ParOldGen       total 203264K, used 151079K [0x00000000a0000000, 0x00000000ac680000, 0x00000000e0000000)
  object space 203264K, 74% used [0x00000000a0000000,0x00000000a9389d68,0x00000000ac680000)
 Metaspace       used 68900K, capacity 71526K, committed 71600K, reserved 1112064K
  class space    used 8599K, capacity 9120K, committed 9136K, reserved 1048576K
}
Event: 447.044 GC heap before
{Heap before GC invocations=22 (full 3):
 PSYoungGen      total 449536K, used 425237K [0x00000000e0000000, 0x0000000100000000, 0x0000000100000000)
  eden space 380928K, 99% used [0x00000000e0000000,0x00000000f73a51a0,0x00000000f7400000)
  from space 68608K, 65% used [0x00000000fbd00000,0x00000000fe8a0418,0x0000000100000000)
  to   space 71680K, 0% used [0x00000000f7400000,0x00000000f7400000,0x00000000fba00000)
 ParOldGen       total 203264K, used 151079K [0x00000000a0000000, 0x00000000ac680000, 0x00000000e0000000)
  object space 203264K, 74% used [0x00000000a0000000,0x00000000a9389d68,0x00000000ac680000)
 Metaspace       used 68968K, capacity 71662K, committed 71856K, reserved 1112064K
  class space    used 8606K, capacity 9132K, committed 9136K, reserved 1048576K
Event: 447.061 GC heap after
Heap after GC invocations=22 (full 3):
 PSYoungGen      total 452608K, used 19096K [0x00000000e0000000, 0x00000000ffd00000, 0x0000000100000000)
  eden space 380928K, 0% used [0x00000000e0000000,0x00000000e0000000,0x00000000f7400000)
  from space 71680K, 26% used [0x00000000f7400000,0x00000000f86a6220,0x00000000fba00000)
  to   space 68608K, 0% used [0x00000000fba00000,0x00000000fba00000,0x00000000ffd00000)
 ParOldGen       total 203264K, used 151087K [0x00000000a0000000, 0x00000000ac680000, 0x00000000e0000000)
  object space 203264K, 74% used [0x00000000a0000000,0x00000000a938bd68,0x00000000ac680000)
 Metaspace       used 68968K, capacity 71662K, committed 71856K, reserved 1112064K
  class space    used 8606K, capacity 9132K, committed 9136K, reserved 1048576K
}
Event: 1008.993 GC heap before
{Heap before GC invocations=23 (full 3):
 PSYoungGen      total 452608K, used 400024K [0x00000000e0000000, 0x00000000ffd00000, 0x0000000100000000)
  eden space 380928K, 100% used [0x00000000e0000000,0x00000000f7400000,0x00000000f7400000)
  from space 71680K, 26% used [0x00000000f7400000,0x00000000f86a6220,0x00000000fba00000)
  to   space 68608K, 0% used [0x00000000fba00000,0x00000000fba00000,0x00000000ffd00000)
 ParOldGen       total 203264K, used 151087K [0x00000000a0000000, 0x00000000ac680000, 0x00000000e0000000)
  object space 203264K, 74% used [0x00000000a0000000,0x00000000a938bd68,0x00000000ac680000)
 Metaspace       used 69507K, capacity 72296K, committed 72496K, reserved 1112064K
  class space    used 8631K, capacity 9185K, committed 9264K, reserved 1048576K
Event: 1009.014 GC heap after
Heap after GC invocations=23 (full 3):
 PSYoungGen      total 449536K, used 9132K [0x00000000e0000000, 0x00000000ffa00000, 0x0000000100000000)
  eden space 384000K, 0% used [0x00000000e0000000,0x00000000e0000000,0x00000000f7700000)
  from space 65536K, 13% used [0x00000000fba00000,0x00000000fc2eb2b8,0x00000000ffa00000)
  to   space 67072K, 0% used [0x00000000f7700000,0x00000000f7700000,0x00000000fb880000)
 ParOldGen       total 203264K, used 151095K [0x00000000a0000000, 0x00000000ac680000, 0x00000000e0000000)
  object space 203264K, 74% used [0x00000000a0000000,0x00000000a938dd68,0x00000000ac680000)
 Metaspace       used 69507K, capacity 72296K, committed 72496K, reserved 1112064K
  class space    used 8631K, capacity 9185K, committed 9264K, reserved 1048576K
}

